The system is: Linux - 4.4.0-19041-Microsoft - x86_64
Compiling the C compiler identification source file "CMakeCCompilerId.c" succeeded.
Compiler: /usr/bin/cc 
Build flags: 
Id flags:  

The output was:
0


Compilation of the C compiler identification source "CMakeCCompilerId.c" produced "a.out"

The C compiler identification is GNU, found in "/mnt/c/Study/Berkeley/249A/Project/EECS249-Smart-Pill-Organizer/product/smart-pill-organizer/src-gen/Main/build/elf2uf2/CMakeFiles/3.16.3/CompilerIdC/a.out"

Compiling the CXX compiler identification source file "CMakeCXXCompilerId.cpp" succeeded.
Compiler: /usr/bin/c++ 
Build flags: 
Id flags:  

The output was:
0


Compilation of the CXX compiler identification source "CMakeCXXCompilerId.cpp" produced "a.out"

The CXX compiler identification is GNU, found in "/mnt/c/Study/Berkeley/249A/Project/EECS249-Smart-Pill-Organizer/product/smart-pill-organizer/src-gen/Main/build/elf2uf2/CMakeFiles/3.16.3/CompilerIdCXX/a.out"

Determining if the C compiler works passed with the following output:
Change Dir: /mnt/c/Study/Berkeley/249A/Project/EECS249-Smart-Pill-Organizer/product/smart-pill-organizer/src-gen/Main/build/elf2uf2/CMakeFiles/CMakeTmp

Run Build Command(s):/usr/bin/make cmTC_8e37d/fast && make[3]: Entering directory '/mnt/c/Study/Berkeley/249A/Project/EECS249-Smart-Pill-Organizer/product/smart-pill-organizer/src-gen/Main/build/elf2uf2/CMakeFiles/CMakeTmp'
/usr/bin/make -f CMakeFiles/cmTC_8e37d.dir/build.make CMakeFiles/cmTC_8e37d.dir/build
make[4]: Entering directory '/mnt/c/Study/Berkeley/249A/Project/EECS249-Smart-Pill-Organizer/product/smart-pill-organizer/src-gen/Main/build/elf2uf2/CMakeFiles/CMakeTmp'
Building C object CMakeFiles/cmTC_8e37d.dir/testCCompiler.c.o
/usr/bin/cc    -o CMakeFiles/cmTC_8e37d.dir/testCCompiler.c.o   -c /mnt/c/Study/Berkeley/249A/Project/EECS249-Smart-Pill-Organizer/product/smart-pill-organizer/src-gen/Main/build/elf2uf2/CMakeFiles/CMakeTmp/testCCompiler.c
Linking C executable cmTC_8e37d
/usr/bin/cmake -E cmake_link_script CMakeFiles/cmTC_8e37d.dir/link.txt --verbose=1
/usr/bin/cc      CMakeFiles/cmTC_8e37d.dir/testCCompiler.c.o  -o cmTC_8e37d 
make[4]: Leaving directory '/mnt/c/Study/Berkeley/249A/Project/EECS249-Smart-Pill-Organizer/product/smart-pill-organizer/src-gen/Main/build/elf2uf2/CMakeFiles/CMakeTmp'
make[3]: Leaving directory '/mnt/c/Study/Berkeley/249A/Project/EECS249-Smart-Pill-Organizer/product/smart-pill-organizer/src-gen/Main/build/elf2uf2/CMakeFiles/CMakeTmp'



